<?xml version="1.0" encoding="UTF-8"?>
<testsuite xmlns:xsi="http://www.w3.org/2001/XMLSchema-instance" xsi:noNamespaceSchemaLocation="https://maven.apache.org/surefire/maven-surefire-plugin/xsd/surefire-test-report-3.0.xsd" version="3.0" name="edu.school21.numbers.NumberWorkerTest" time="0.112" tests="19" errors="0" skipped="0" failures="0">
  <properties>
[...]
</properties>
  <testcase name="isPrimeForNotPrime(int)[1]" classname="edu.school21.numbers.NumberWorkerTest" time="0.017"/>
  <testcase name="isPrimeForNotPrime(int)[2]" classname="edu.school21.numbers.NumberWorkerTest" time="0.001"/>
  <testcase name="isPrimeForNotPrime(int)[3]" classname="edu.school21.numbers.NumberWorkerTest" time="0"/>
  <testcase name="isPrimeForPrime(int)[1]" classname="edu.school21.numbers.NumberWorkerTest" time="0.001"/>
  <testcase name="isPrimeForPrime(int)[2]" classname="edu.school21.numbers.NumberWorkerTest" time="0.001"/>
  <testcase name="isPrimeForPrime(int)[3]" classname="edu.school21.numbers.NumberWorkerTest" time="0"/>
  <testcase name="digitSumTest(int, int)[1]" classname="edu.school21.numbers.NumberWorkerTest" time="0.001"/>
  <testcase name="digitSumTest(int, int)[2]" classname="edu.school21.numbers.NumberWorkerTest" time="0.001"/>
  <testcase name="digitSumTest(int, int)[3]" classname="edu.school21.numbers.NumberWorkerTest" time="0.001"/>
  <testcase name="digitSumTest(int, int)[4]" classname="edu.school21.numbers.NumberWorkerTest" time="0.001"/>
  <testcase name="digitSumTest(int, int)[5]" classname="edu.school21.numbers.NumberWorkerTest" time="0.001"/>
  <testcase name="digitSumTest(int, int)[6]" classname="edu.school21.numbers.NumberWorkerTest" time="0"/>
  <testcase name="digitSumTest(int, int)[7]" classname="edu.school21.numbers.NumberWorkerTest" time="0.003"/>
  <testcase name="digitSumTest(int, int)[8]" classname="edu.school21.numbers.NumberWorkerTest" time="0.001"/>
  <testcase name="digitSumTest(int, int)[9]" classname="edu.school21.numbers.NumberWorkerTest" time="0.001"/>
  <testcase name="digitSumTest(int, int)[10]" classname="edu.school21.numbers.NumberWorkerTest" time="0.001"/>
  <testcase name="isPrimeForIncorrectNumbers(int)[1]" classname="edu.school21.numbers.NumberWorkerTest" time="0.003"/>
  <testcase name="isPrimeForIncorrectNumbers(int)[2]" classname="edu.school21.numbers.NumberWorkerTest" time="0"/>
  <testcase name="isPrimeForIncorrectNumbers(int)[3]" classname="edu.school21.numbers.NumberWorkerTest" time="0.001"/>
</testsuite>